<?xml version="1.0" encoding="UTF-8"?>
<coverage generated="1559730776691" clover="3.2.0">
  <project timestamp="1559730776691" name="All files">
    <metrics statements="72" coveredstatements="62" conditionals="31" coveredconditionals="26" methods="19" coveredmethods="18" elements="122" coveredelements="106" complexity="0" loc="72" ncloc="72" packages="2" files="5" classes="5">
      <package name="src">
        <metrics statements="13" coveredstatements="8" conditionals="0" coveredconditionals="0" methods="3" coveredmethods="3"/>
        <file name="data-source.js" path="C:\Users\dmolla\Desktop\Practicas\VIDEOS\proyectoFinal\src\data-source.js">
          <metrics statements="1" coveredstatements="1" conditionals="0" coveredconditionals="0" methods="0" coveredmethods="0"/>
          <line num="3" count="1" type="stmt"/>
        </file>
        <file name="i18n.ts" path="C:\Users\dmolla\Desktop\Practicas\VIDEOS\proyectoFinal\src\i18n.ts">
          <metrics statements="7" coveredstatements="7" conditionals="0" coveredconditionals="0" methods="3" coveredmethods="3"/>
          <line num="17" count="3" type="stmt"/>
          <line num="23" count="3" type="stmt"/>
          <line num="32" count="3" type="stmt"/>
          <line num="46" count="60" type="stmt"/>
          <line num="52" count="1" type="stmt"/>
          <line num="59" count="3" type="stmt"/>
          <line num="64" count="3" type="stmt"/>
        </file>
        <file name="index.tsx" path="C:\Users\dmolla\Desktop\Practicas\VIDEOS\proyectoFinal\src\index.tsx">
          <metrics statements="5" coveredstatements="0" conditionals="0" coveredconditionals="0" methods="0" coveredmethods="0"/>
          <line num="1" count="0" type="stmt"/>
          <line num="2" count="0" type="stmt"/>
          <line num="3" count="0" type="stmt"/>
          <line num="4" count="0" type="stmt"/>
          <line num="6" count="0" type="stmt"/>
        </file>
      </package>
      <package name="src.components">
        <metrics statements="59" coveredstatements="54" conditionals="31" coveredconditionals="26" methods="16" coveredmethods="15"/>
        <file name="cardRender.tsx" path="C:\Users\dmolla\Desktop\Practicas\VIDEOS\proyectoFinal\src\components\cardRender.tsx">
          <metrics statements="28" coveredstatements="28" conditionals="21" coveredconditionals="21" methods="7" coveredmethods="7"/>
          <line num="41" count="43" type="stmt"/>
          <line num="43" count="43" type="stmt"/>
          <line num="63" count="62" type="cond" truecount="2" falsecount="0"/>
          <line num="65" count="25" type="stmt"/>
          <line num="69" count="37" type="stmt"/>
          <line num="85" count="62" type="cond" truecount="2" falsecount="0"/>
          <line num="86" count="25" type="stmt"/>
          <line num="89" count="37" type="stmt"/>
          <line num="104" count="2" type="stmt"/>
          <line num="110" count="62" type="stmt"/>
          <line num="116" count="62" type="stmt"/>
          <line num="117" count="62" type="stmt"/>
          <line num="118" count="182" type="cond" truecount="3" falsecount="0"/>
          <line num="123" count="62" type="cond" truecount="4" falsecount="0"/>
          <line num="134" count="62" type="cond" truecount="2" falsecount="0"/>
          <line num="141" count="62" type="cond" truecount="2" falsecount="0"/>
          <line num="148" count="62" type="stmt"/>
          <line num="154" count="62" type="cond" truecount="2" falsecount="0"/>
          <line num="155" count="60" type="cond" truecount="2" falsecount="0"/>
          <line num="156" count="25" type="stmt"/>
          <line num="158" count="25" type="stmt"/>
          <line num="169" count="35" type="stmt"/>
          <line num="171" count="35" type="stmt"/>
          <line num="185" count="2" type="cond" truecount="2" falsecount="0"/>
          <line num="186" count="1" type="stmt"/>
          <line num="187" count="1" type="stmt"/>
          <line num="188" count="3" type="stmt"/>
          <line num="205" count="62" type="stmt"/>
        </file>
        <file name="tile.tsx" path="C:\Users\dmolla\Desktop\Practicas\VIDEOS\proyectoFinal\src\components\tile.tsx">
          <metrics statements="31" coveredstatements="26" conditionals="10" coveredconditionals="5" methods="9" coveredmethods="8"/>
          <line num="39" count="3" type="stmt"/>
          <line num="41" count="3" type="stmt"/>
          <line num="43" count="3" type="stmt"/>
          <line num="60" count="5" type="stmt"/>
          <line num="61" count="5" type="stmt"/>
          <line num="62" count="5" type="stmt"/>
          <line num="64" count="5" type="cond" truecount="1" falsecount="1"/>
          <line num="65" count="5" type="stmt"/>
          <line num="68" count="0" type="stmt"/>
          <line num="82" count="5" type="stmt"/>
          <line num="83" count="5" type="cond" truecount="1" falsecount="1"/>
          <line num="84" count="0" type="stmt"/>
          <line num="86" count="5" type="stmt"/>
          <line num="87" count="5" type="stmt"/>
          <line num="88" count="5" type="stmt"/>
          <line num="89" count="16" type="stmt"/>
          <line num="91" count="5" type="stmt"/>
          <line num="93" count="40" type="stmt"/>
          <line num="95" count="5" type="stmt"/>
          <line num="109" count="0" type="cond" truecount="0" falsecount="2"/>
          <line num="110" count="0" type="stmt"/>
          <line num="113" count="0" type="stmt"/>
          <line num="121" count="3" type="cond" truecount="1" falsecount="1"/>
          <line num="122" count="3" type="stmt"/>
          <line num="131" count="8" type="stmt"/>
          <line num="144" count="8" type="stmt"/>
          <line num="147" count="8" type="cond" truecount="2" falsecount="0"/>
          <line num="148" count="5" type="stmt"/>
          <line num="149" count="56" type="stmt"/>
          <line num="152" count="56" type="stmt"/>
          <line num="159" count="8" type="stmt"/>
        </file>
      </package>
    </metrics>
  </project>
</coverage>
