{"C:\\Users\\dmolla\\Desktop\\Practicas\\VIDEOS\\proyectoFinal\\src\\data-source.js": {"path":"C:\\Users\\dmolla\\Desktop\\Practicas\\VIDEOS\\proyectoFinal\\src\\data-source.js","statementMap":{"0":{"start":{"line":3,"column":0},"end":{"line":388,"column":1}}},"fnMap":{},"branchMap":{},"s":{"0":1},"f":{},"b":{},"_coverageSchema":"332fd63041d2c1bcb487cc26dd0d5f7d97098a6c","hash":"382a2e0399f8db704a4cc7ccfe0a63c93d44bee1"}
,"C:\\Users\\dmolla\\Desktop\\Practicas\\VIDEOS\\proyectoFinal\\src\\i18n.ts": {"path":"C:\\Users\\dmolla\\Desktop\\Practicas\\VIDEOS\\proyectoFinal\\src\\i18n.ts","statementMap":{"0":{"start":{"line":17,"column":13},"end":{"line":21,"column":1}},"1":{"start":{"line":23,"column":18},"end":{"line":30,"column":1}},"2":{"start":{"line":32,"column":0},"end":{"line":40,"column":7}},"3":{"start":{"line":46,"column":4},"end":{"line":46,"column":25}},"4":{"start":{"line":52,"column":4},"end":{"line":55,"column":6}},"5":{"start":{"line":59,"column":4},"end":{"line":59,"column":34}},"6":{"start":{"line":64,"column":0},"end":{"line":64,"column":40}}},"fnMap":{"0":{"name":"getCurrentLanguage","decl":{"start":{"line":45,"column":16},"end":{"line":45,"column":34}},"loc":{"start":{"line":45,"column":45},"end":{"line":47,"column":1}},"line":45},"1":{"name":"getLanguagesList","decl":{"start":{"line":51,"column":16},"end":{"line":51,"column":32}},"loc":{"start":{"line":51,"column":57},"end":{"line":56,"column":1}},"line":51},"2":{"name":"changeCurrentLanguage","decl":{"start":{"line":58,"column":16},"end":{"line":58,"column":37}},"loc":{"start":{"line":58,"column":64},"end":{"line":61,"column":1}},"line":58}},"branchMap":{},"s":{"0":3,"1":3,"2":3,"3":60,"4":1,"5":3,"6":3},"f":{"0":60,"1":1,"2":3},"b":{},"_coverageSchema":"332fd63041d2c1bcb487cc26dd0d5f7d97098a6c","hash":"3752781394bfcbacd915d084d56d5666a2a8d1eb"}
,"C:\\Users\\dmolla\\Desktop\\Practicas\\VIDEOS\\proyectoFinal\\src\\index.tsx": {"path":"C:\\Users\\dmolla\\Desktop\\Practicas\\VIDEOS\\proyectoFinal\\src\\index.tsx","statementMap":{"0":{"start":{"line":1,"column":0},"end":{"line":null,"column":-1}},"1":{"start":{"line":2,"column":0},"end":{"line":null,"column":-1}},"2":{"start":{"line":3,"column":0},"end":{"line":null,"column":-1}},"3":{"start":{"line":4,"column":0},"end":{"line":null,"column":-1}},"4":{"start":{"line":6,"column":0},"end":{"line":null,"column":-1}}},"fnMap":{},"branchMap":{},"s":{"0":0,"1":0,"2":0,"3":0,"4":0},"f":{},"b":{}}
,"C:\\Users\\dmolla\\Desktop\\Practicas\\VIDEOS\\proyectoFinal\\src\\components\\cardRender.tsx": {"path":"C:\\Users\\dmolla\\Desktop\\Practicas\\VIDEOS\\proyectoFinal\\src\\components\\cardRender.tsx","statementMap":{"0":{"start":{"line":41,"column":8},"end":{"line":41,"column":21}},"1":{"start":{"line":43,"column":8},"end":{"line":47,"column":10}},"2":{"start":{"line":63,"column":8},"end":{"line":70,"column":9}},"3":{"start":{"line":65,"column":12},"end":{"line":65,"column":67}},"4":{"start":{"line":69,"column":12},"end":{"line":69,"column":60}},"5":{"start":{"line":85,"column":8},"end":{"line":90,"column":9}},"6":{"start":{"line":86,"column":12},"end":{"line":86,"column":65}},"7":{"start":{"line":89,"column":12},"end":{"line":89,"column":66}},"8":{"start":{"line":104,"column":8},"end":{"line":104,"column":75}},"9":{"start":{"line":110,"column":22},"end":{"line":110,"column":24}},"10":{"start":{"line":116,"column":35},"end":{"line":116,"column":72}},"11":{"start":{"line":117,"column":43},"end":{"line":119,"column":10}},"12":{"start":{"line":118,"column":12},"end":{"line":118,"column":85}},"13":{"start":{"line":123,"column":12},"end":{"line":130,"column":20}},"14":{"start":{"line":134,"column":12},"end":{"line":137,"column":20}},"15":{"start":{"line":141,"column":12},"end":{"line":144,"column":20}},"16":{"start":{"line":148,"column":12},"end":{"line":151,"column":17}},"17":{"start":{"line":154,"column":8},"end":{"line":194,"column":9}},"18":{"start":{"line":155,"column":12},"end":{"line":181,"column":13}},"19":{"start":{"line":156,"column":16},"end":{"line":156,"column":52}},"20":{"start":{"line":158,"column":16},"end":{"line":167,"column":18}},"21":{"start":{"line":169,"column":16},"end":{"line":169,"column":52}},"22":{"start":{"line":171,"column":16},"end":{"line":180,"column":18}},"23":{"start":{"line":185,"column":13},"end":{"line":194,"column":9}},"24":{"start":{"line":186,"column":12},"end":{"line":186,"column":40}},"25":{"start":{"line":187,"column":12},"end":{"line":193,"column":15}},"26":{"start":{"line":188,"column":16},"end":{"line":192,"column":18}},"27":{"start":{"line":205,"column":8},"end":{"line":226,"column":10}}},"fnMap":{"0":{"name":"(anonymous_0)","decl":{"start":{"line":40,"column":4},"end":{"line":40,"column":5}},"loc":{"start":{"line":40,"column":62},"end":{"line":48,"column":5}},"line":40},"1":{"name":"(anonymous_1)","decl":{"start":{"line":62,"column":4},"end":{"line":62,"column":5}},"loc":{"start":{"line":62,"column":46},"end":{"line":71,"column":5}},"line":62},"2":{"name":"(anonymous_2)","decl":{"start":{"line":84,"column":4},"end":{"line":84,"column":5}},"loc":{"start":{"line":84,"column":44},"end":{"line":91,"column":5}},"line":84},"3":{"name":"(anonymous_3)","decl":{"start":{"line":102,"column":4},"end":{"line":102,"column":5}},"loc":{"start":{"line":102,"column":50},"end":{"line":105,"column":5}},"line":102},"4":{"name":"(anonymous_4)","decl":{"start":{"line":108,"column":4},"end":{"line":108,"column":5}},"loc":{"start":{"line":108,"column":33},"end":{"line":227,"column":5}},"line":108},"5":{"name":"(anonymous_5)","decl":{"start":{"line":117,"column":61},"end":{"line":117,"column":62}},"loc":{"start":{"line":117,"column":91},"end":{"line":119,"column":9}},"line":117},"6":{"name":"(anonymous_6)","decl":{"start":{"line":187,"column":31},"end":{"line":187,"column":32}},"loc":{"start":{"line":187,"column":73},"end":{"line":193,"column":13}},"line":187}},"branchMap":{"0":{"loc":{"start":{"line":63,"column":8},"end":{"line":70,"column":9}},"type":"if","locations":[{"start":{"line":63,"column":8},"end":{"line":70,"column":9}},{"start":{"line":63,"column":8},"end":{"line":70,"column":9}}],"line":63},"1":{"loc":{"start":{"line":85,"column":8},"end":{"line":90,"column":9}},"type":"if","locations":[{"start":{"line":85,"column":8},"end":{"line":90,"column":9}},{"start":{"line":85,"column":8},"end":{"line":90,"column":9}}],"line":85},"2":{"loc":{"start":{"line":118,"column":19},"end":{"line":118,"column":84}},"type":"binary-expr","locations":[{"start":{"line":118,"column":19},"end":{"line":118,"column":40}},{"start":{"line":118,"column":44},"end":{"line":118,"column":59}},{"start":{"line":118,"column":63},"end":{"line":118,"column":84}}],"line":118},"3":{"loc":{"start":{"line":123,"column":12},"end":{"line":130,"column":20}},"type":"cond-expr","locations":[{"start":{"line":124,"column":16},"end":{"line":128,"column":20}},{"start":{"line":130,"column":16},"end":{"line":130,"column":20}}],"line":123},"4":{"loc":{"start":{"line":123,"column":13},"end":{"line":123,"column":71}},"type":"binary-expr","locations":[{"start":{"line":123,"column":13},"end":{"line":123,"column":42}},{"start":{"line":123,"column":46},"end":{"line":123,"column":71}}],"line":123},"5":{"loc":{"start":{"line":134,"column":12},"end":{"line":137,"column":20}},"type":"cond-expr","locations":[{"start":{"line":135,"column":16},"end":{"line":135,"column":103}},{"start":{"line":137,"column":16},"end":{"line":137,"column":20}}],"line":134},"6":{"loc":{"start":{"line":141,"column":12},"end":{"line":144,"column":20}},"type":"cond-expr","locations":[{"start":{"line":142,"column":16},"end":{"line":142,"column":110}},{"start":{"line":144,"column":16},"end":{"line":144,"column":20}}],"line":141},"7":{"loc":{"start":{"line":154,"column":8},"end":{"line":194,"column":9}},"type":"if","locations":[{"start":{"line":154,"column":8},"end":{"line":194,"column":9}},{"start":{"line":154,"column":8},"end":{"line":194,"column":9}}],"line":154},"8":{"loc":{"start":{"line":155,"column":12},"end":{"line":181,"column":13}},"type":"if","locations":[{"start":{"line":155,"column":12},"end":{"line":181,"column":13}},{"start":{"line":155,"column":12},"end":{"line":181,"column":13}}],"line":155},"9":{"loc":{"start":{"line":185,"column":13},"end":{"line":194,"column":9}},"type":"if","locations":[{"start":{"line":185,"column":13},"end":{"line":194,"column":9}},{"start":{"line":185,"column":13},"end":{"line":194,"column":9}}],"line":185}},"s":{"0":43,"1":43,"2":62,"3":25,"4":37,"5":62,"6":25,"7":37,"8":2,"9":62,"10":62,"11":62,"12":182,"13":62,"14":62,"15":62,"16":62,"17":62,"18":60,"19":25,"20":25,"21":35,"22":35,"23":2,"24":1,"25":1,"26":3,"27":62},"f":{"0":43,"1":62,"2":62,"3":2,"4":62,"5":182,"6":3},"b":{"0":[25,37],"1":[25,37],"2":[182,182,182],"3":[59,3],"4":[62,60],"5":[37,25],"6":[25,37],"7":[60,2],"8":[25,35],"9":[1,1]},"_coverageSchema":"332fd63041d2c1bcb487cc26dd0d5f7d97098a6c","hash":"6110bc288199f5e334cca2effbe6ef338b3357eb"}
,"C:\\Users\\dmolla\\Desktop\\Practicas\\VIDEOS\\proyectoFinal\\src\\components\\tile.tsx": {"path":"C:\\Users\\dmolla\\Desktop\\Practicas\\VIDEOS\\proyectoFinal\\src\\components\\tile.tsx","statementMap":{"0":{"start":{"line":39,"column":8},"end":{"line":39,"column":21}},"1":{"start":{"line":41,"column":8},"end":{"line":41,"column":59}},"2":{"start":{"line":43,"column":8},"end":{"line":46,"column":10}},"3":{"start":{"line":60,"column":29},"end":{"line":60,"column":58}},"4":{"start":{"line":61,"column":33},"end":{"line":61,"column":45}},"5":{"start":{"line":62,"column":31},"end":{"line":62,"column":47}},"6":{"start":{"line":64,"column":8},"end":{"line":69,"column":9}},"7":{"start":{"line":65,"column":12},"end":{"line":65,"column":67}},"8":{"start":{"line":68,"column":12},"end":{"line":68,"column":22}},"9":{"start":{"line":82,"column":31},"end":{"line":82,"column":72}},"10":{"start":{"line":83,"column":8},"end":{"line":96,"column":9}},"11":{"start":{"line":84,"column":12},"end":{"line":84,"column":46}},"12":{"start":{"line":86,"column":12},"end":{"line":86,"column":28}},"13":{"start":{"line":87,"column":37},"end":{"line":87,"column":39}},"14":{"start":{"line":88,"column":12},"end":{"line":90,"column":15}},"15":{"start":{"line":89,"column":16},"end":{"line":89,"column":42}},"16":{"start":{"line":91,"column":12},"end":{"line":94,"column":15}},"17":{"start":{"line":93,"column":16},"end":{"line":93,"column":42}},"18":{"start":{"line":95,"column":12},"end":{"line":95,"column":51}},"19":{"start":{"line":109,"column":8},"end":{"line":114,"column":9}},"20":{"start":{"line":110,"column":12},"end":{"line":110,"column":46}},"21":{"start":{"line":113,"column":12},"end":{"line":113,"column":29}},"22":{"start":{"line":121,"column":8},"end":{"line":123,"column":9}},"23":{"start":{"line":122,"column":12},"end":{"line":122,"column":29}},"24":{"start":{"line":131,"column":23},"end":{"line":141,"column":9}},"25":{"start":{"line":144,"column":39},"end":{"line":144,"column":41}},"26":{"start":{"line":147,"column":8},"end":{"line":154,"column":9}},"27":{"start":{"line":148,"column":12},"end":{"line":153,"column":15}},"28":{"start":{"line":149,"column":32},"end":{"line":151,"column":22}},"29":{"start":{"line":152,"column":16},"end":{"line":152,"column":42}},"30":{"start":{"line":159,"column":8},"end":{"line":175,"column":10}}},"fnMap":{"0":{"name":"(anonymous_0)","decl":{"start":{"line":38,"column":4},"end":{"line":38,"column":5}},"loc":{"start":{"line":38,"column":35},"end":{"line":47,"column":5}},"line":38},"1":{"name":"(anonymous_1)","decl":{"start":{"line":59,"column":4},"end":{"line":59,"column":5}},"loc":{"start":{"line":59,"column":66},"end":{"line":71,"column":5}},"line":59},"2":{"name":"(anonymous_2)","decl":{"start":{"line":81,"column":4},"end":{"line":81,"column":5}},"loc":{"start":{"line":81,"column":30},"end":{"line":97,"column":5}},"line":81},"3":{"name":"(anonymous_3)","decl":{"start":{"line":88,"column":39},"end":{"line":88,"column":40}},"loc":{"start":{"line":88,"column":59},"end":{"line":90,"column":13}},"line":88},"4":{"name":"(anonymous_4)","decl":{"start":{"line":91,"column":29},"end":{"line":91,"column":30}},"loc":{"start":{"line":91,"column":49},"end":{"line":94,"column":13}},"line":91},"5":{"name":"(anonymous_5)","decl":{"start":{"line":108,"column":4},"end":{"line":108,"column":5}},"loc":{"start":{"line":108,"column":33},"end":{"line":115,"column":5}},"line":108},"6":{"name":"(anonymous_6)","decl":{"start":{"line":117,"column":4},"end":{"line":117,"column":5}},"loc":{"start":{"line":117,"column":37},"end":{"line":124,"column":5}},"line":117},"7":{"name":"(anonymous_7)","decl":{"start":{"line":126,"column":4},"end":{"line":126,"column":5}},"loc":{"start":{"line":126,"column":33},"end":{"line":176,"column":5}},"line":126},"8":{"name":"(anonymous_8)","decl":{"start":{"line":148,"column":39},"end":{"line":148,"column":40}},"loc":{"start":{"line":148,"column":59},"end":{"line":153,"column":13}},"line":148}},"branchMap":{"0":{"loc":{"start":{"line":64,"column":8},"end":{"line":69,"column":9}},"type":"if","locations":[{"start":{"line":64,"column":8},"end":{"line":69,"column":9}},{"start":{"line":64,"column":8},"end":{"line":69,"column":9}}],"line":64},"1":{"loc":{"start":{"line":83,"column":8},"end":{"line":96,"column":9}},"type":"if","locations":[{"start":{"line":83,"column":8},"end":{"line":96,"column":9}},{"start":{"line":83,"column":8},"end":{"line":96,"column":9}}],"line":83},"2":{"loc":{"start":{"line":109,"column":8},"end":{"line":114,"column":9}},"type":"if","locations":[{"start":{"line":109,"column":8},"end":{"line":114,"column":9}},{"start":{"line":109,"column":8},"end":{"line":114,"column":9}}],"line":109},"3":{"loc":{"start":{"line":121,"column":8},"end":{"line":123,"column":9}},"type":"if","locations":[{"start":{"line":121,"column":8},"end":{"line":123,"column":9}},{"start":{"line":121,"column":8},"end":{"line":123,"column":9}}],"line":121},"4":{"loc":{"start":{"line":147,"column":8},"end":{"line":154,"column":9}},"type":"if","locations":[{"start":{"line":147,"column":8},"end":{"line":154,"column":9}},{"start":{"line":147,"column":8},"end":{"line":154,"column":9}}],"line":147}},"s":{"0":3,"1":3,"2":3,"3":5,"4":5,"5":5,"6":5,"7":5,"8":0,"9":5,"10":5,"11":0,"12":5,"13":5,"14":5,"15":16,"16":5,"17":40,"18":5,"19":0,"20":0,"21":0,"22":3,"23":3,"24":8,"25":8,"26":8,"27":5,"28":56,"29":56,"30":8},"f":{"0":3,"1":5,"2":5,"3":16,"4":40,"5":0,"6":3,"7":8,"8":56},"b":{"0":[5,0],"1":[0,5],"2":[0,0],"3":[3,0],"4":[5,3]},"_coverageSchema":"332fd63041d2c1bcb487cc26dd0d5f7d97098a6c","hash":"8099dc7c7b83a29ece185baf6007a7e7ed8287aa"}
}
