TN:
SF:C:\Users\dmolla\Desktop\Practicas\VIDEOS\proyectoFinal\src\data-source.js
FNF:0
FNH:0
DA:3,1
LF:1
LH:1
BRF:0
BRH:0
end_of_record
TN:
SF:C:\Users\dmolla\Desktop\Practicas\VIDEOS\proyectoFinal\src\i18n.ts
FN:45,getCurrentLanguage
FN:51,getLanguagesList
FN:58,changeCurrentLanguage
FNF:3
FNH:3
FNDA:60,getCurrentLanguage
FNDA:1,getLanguagesList
FNDA:3,changeCurrentLanguage
DA:17,3
DA:23,3
DA:32,3
DA:46,60
DA:52,1
DA:59,3
DA:64,3
LF:7
LH:7
BRF:0
BRH:0
end_of_record
TN:
SF:C:\Users\dmolla\Desktop\Practicas\VIDEOS\proyectoFinal\src\index.tsx
FNF:0
FNH:0
DA:1,0
DA:2,0
DA:3,0
DA:4,0
DA:6,0
LF:5
LH:0
BRF:0
BRH:0
end_of_record
TN:
SF:C:\Users\dmolla\Desktop\Practicas\VIDEOS\proyectoFinal\src\components\cardRender.tsx
FN:40,(anonymous_0)
FN:62,(anonymous_1)
FN:84,(anonymous_2)
FN:102,(anonymous_3)
FN:108,(anonymous_4)
FN:117,(anonymous_5)
FN:187,(anonymous_6)
FNF:7
FNH:7
FNDA:43,(anonymous_0)
FNDA:62,(anonymous_1)
FNDA:62,(anonymous_2)
FNDA:2,(anonymous_3)
FNDA:62,(anonymous_4)
FNDA:182,(anonymous_5)
FNDA:3,(anonymous_6)
DA:41,43
DA:43,43
DA:63,62
DA:65,25
DA:69,37
DA:85,62
DA:86,25
DA:89,37
DA:104,2
DA:110,62
DA:116,62
DA:117,62
DA:118,182
DA:123,62
DA:134,62
DA:141,62
DA:148,62
DA:154,62
DA:155,60
DA:156,25
DA:158,25
DA:169,35
DA:171,35
DA:185,2
DA:186,1
DA:187,1
DA:188,3
DA:205,62
LF:28
LH:28
BRDA:63,0,0,25
BRDA:63,0,1,37
BRDA:85,1,0,25
BRDA:85,1,1,37
BRDA:118,2,0,182
BRDA:118,2,1,182
BRDA:118,2,2,182
BRDA:123,3,0,59
BRDA:123,3,1,3
BRDA:123,4,0,62
BRDA:123,4,1,60
BRDA:134,5,0,37
BRDA:134,5,1,25
BRDA:141,6,0,25
BRDA:141,6,1,37
BRDA:154,7,0,60
BRDA:154,7,1,2
BRDA:155,8,0,25
BRDA:155,8,1,35
BRDA:185,9,0,1
BRDA:185,9,1,1
BRF:21
BRH:21
end_of_record
TN:
SF:C:\Users\dmolla\Desktop\Practicas\VIDEOS\proyectoFinal\src\components\tile.tsx
FN:38,(anonymous_0)
FN:59,(anonymous_1)
FN:81,(anonymous_2)
FN:88,(anonymous_3)
FN:91,(anonymous_4)
FN:108,(anonymous_5)
FN:117,(anonymous_6)
FN:126,(anonymous_7)
FN:148,(anonymous_8)
FNF:9
FNH:8
FNDA:3,(anonymous_0)
FNDA:5,(anonymous_1)
FNDA:5,(anonymous_2)
FNDA:16,(anonymous_3)
FNDA:40,(anonymous_4)
FNDA:0,(anonymous_5)
FNDA:3,(anonymous_6)
FNDA:8,(anonymous_7)
FNDA:56,(anonymous_8)
DA:39,3
DA:41,3
DA:43,3
DA:60,5
DA:61,5
DA:62,5
DA:64,5
DA:65,5
DA:68,0
DA:82,5
DA:83,5
DA:84,0
DA:86,5
DA:87,5
DA:88,5
DA:89,16
DA:91,5
DA:93,40
DA:95,5
DA:109,0
DA:110,0
DA:113,0
DA:121,3
DA:122,3
DA:131,8
DA:144,8
DA:147,8
DA:148,5
DA:149,56
DA:152,56
DA:159,8
LF:31
LH:26
BRDA:64,0,0,5
BRDA:64,0,1,0
BRDA:83,1,0,0
BRDA:83,1,1,5
BRDA:109,2,0,0
BRDA:109,2,1,0
BRDA:121,3,0,3
BRDA:121,3,1,0
BRDA:147,4,0,5
BRDA:147,4,1,3
BRF:10
BRH:5
end_of_record
